2023-05-30T21:26:36.642908+0300 INFO Создан фейковый юзер агент
2023-05-30T21:26:37.295308+0300 INFO Получен ответ от сайта J&T банк - <Response [200]> - https://jtbank.ru/fizicheskim-litsam/monety/ 
2023-05-30T21:26:37.415234+0300 INFO Получена страница сайта
2023-05-30T21:26:37.456208+0300 INFO Получен список инвестиционных монет
2023-05-30T21:26:37.467202+0300 INFO Получено название инвест. монеты Георгий Победоносец (3 рубля) в ДО Таганский 
2023-05-30T21:26:37.469200+0300 INFO Получен вес инвест. монеты Георгий Победоносец (3 рубля) в ДО Таганский 
2023-05-30T21:26:37.500185+0300 INFO Получен МЕТАЛЛ инвест. монеты Георгий Победоносец (3 рубля) в ДО Таганский 
2023-05-30T21:26:37.503180+0300 INFO Получен номинал инвест. монеты Георгий Победоносец (3 рубля) в ДО Таганский 
2023-05-30T21:26:37.514174+0300 INFO Получена ЦЕНА монеты Георгий Победоносец (3 рубля) в ДО Таганский 
2023-05-30T21:26:37.517170+0300 INFO Добавление параметров инвест. монет в список
2023-05-30T21:26:37.530163+0300 INFO Получено название инвест. монеты Георгий Победоносец (3 рубля) в ДО Петербургский 
2023-05-30T21:26:37.535161+0300 INFO Получен вес инвест. монеты Георгий Победоносец (3 рубля) в ДО Петербургский 
2023-05-30T21:26:37.549151+0300 INFO Получен МЕТАЛЛ инвест. монеты Георгий Победоносец (3 рубля) в ДО Петербургский 
2023-05-30T21:26:37.553150+0300 INFO Получен номинал инвест. монеты Георгий Победоносец (3 рубля) в ДО Петербургский 
2023-05-30T21:26:37.565141+0300 INFO Получена ЦЕНА монеты Георгий Победоносец (3 рубля) в ДО Петербургский 
2023-05-30T21:26:37.569140+0300 INFO Добавление параметров инвест. монет в список
2023-05-30T21:26:37.581132+0300 INFO Получено название инвест. монеты Георгий Победоносец (25 рублей) в ДО Таганский 
2023-05-30T21:26:37.595123+0300 INFO Получен вес инвест. монеты Георгий Победоносец (25 рублей) в ДО Таганский 
2023-05-30T21:26:37.599120+0300 INFO Получен МЕТАЛЛ инвест. монеты Георгий Победоносец (25 рублей) в ДО Таганский 
2023-05-30T21:26:37.601118+0300 INFO Получен номинал инвест. монеты Георгий Победоносец (25 рублей) в ДО Таганский 
2023-05-30T21:26:37.609114+0300 INFO Получена ЦЕНА монеты Георгий Победоносец (25 рублей) в ДО Таганский 
2023-05-30T21:26:37.611113+0300 INFO Добавление параметров инвест. монет в список
2023-05-30T21:26:37.614110+0300 INFO Получено название инвест. монеты Георгий Победоносец (25 рублей) в ДО Петербургский 
2023-05-30T21:26:37.616108+0300 INFO Получен вес инвест. монеты Георгий Победоносец (25 рублей) в ДО Петербургский 
2023-05-30T21:26:37.620107+0300 INFO Получен МЕТАЛЛ инвест. монеты Георгий Победоносец (25 рублей) в ДО Петербургский 
2023-05-30T21:26:37.625105+0300 INFO Получен номинал инвест. монеты Георгий Победоносец (25 рублей) в ДО Петербургский 
2023-05-30T21:26:37.628101+0300 INFO Получена ЦЕНА монеты Георгий Победоносец (25 рублей) в ДО Петербургский 
2023-05-30T21:26:37.631100+0300 INFO Добавление параметров инвест. монет в список
2023-05-30T21:26:37.633098+0300 INFO Получено название инвест. монеты Георгий Победоносец (25 рублей) в ГО 
2023-05-30T21:26:37.643095+0300 INFO Получен вес инвест. монеты Георгий Победоносец (25 рублей) в ГО 
2023-05-30T21:26:37.647091+0300 INFO Получен МЕТАЛЛ инвест. монеты Георгий Победоносец (25 рублей) в ГО 
2023-05-30T21:26:37.664079+0300 INFO Получен номинал инвест. монеты Георгий Победоносец (25 рублей) в ГО 
2023-05-30T21:26:37.669077+0300 INFO Получена ЦЕНА монеты Георгий Победоносец (25 рублей) в ГО 
2023-05-30T21:26:37.682070+0300 INFO Добавление параметров инвест. монет в список
2023-05-30T21:26:37.686067+0300 INFO Получено название инвест. монеты Золотая монета Георгий Победоносец (50 рублей) в ДО "Таганский" 
2023-05-30T21:26:37.710052+0300 INFO Получен вес инвест. монеты Золотая монета Георгий Победоносец (50 рублей) в ДО "Таганский" 
2023-05-30T21:26:37.737036+0300 INFO Получен МЕТАЛЛ инвест. монеты Золотая монета Георгий Победоносец (50 рублей) в ДО "Таганский" 
2023-05-30T21:26:37.751027+0300 INFO Получен номинал инвест. монеты Золотая монета Георгий Победоносец (50 рублей) в ДО "Таганский" 
2023-05-30T21:26:37.778012+0300 INFO Получена ЦЕНА монеты Золотая монета Георгий Победоносец (50 рублей) в ДО "Таганский" 
2023-05-30T21:26:37.783007+0300 INFO Добавление параметров инвест. монет в список
2023-05-30T21:26:37.787005+0300 INFO Получено название инвест. монеты Георгий Победоносец (100 рублей) в ГО 
2023-05-30T21:26:37.799997+0300 INFO Получен вес инвест. монеты Георгий Победоносец (100 рублей) в ГО 
2023-05-30T21:26:37.813987+0300 INFO Получен МЕТАЛЛ инвест. монеты Георгий Победоносец (100 рублей) в ГО 
2023-05-30T21:26:37.818986+0300 INFO Получен номинал инвест. монеты Георгий Победоносец (100 рублей) в ГО 
2023-05-30T21:26:37.833976+0300 INFO Получена ЦЕНА монеты Георгий Победоносец (100 рублей) в ГО 
2023-05-30T21:26:37.849968+0300 INFO Добавление параметров инвест. монет в список
2023-05-30T21:26:37.875950+0300 INFO Получено название инвест. монеты Георгий Победоносец (200 рублей) в ГО 
2023-05-30T21:26:37.897937+0300 INFO Получен вес инвест. монеты Георгий Победоносец (200 рублей) в ГО 
2023-05-30T21:26:37.902933+0300 INFO Получен МЕТАЛЛ инвест. монеты Георгий Победоносец (200 рублей) в ГО 
2023-05-30T21:26:37.915925+0300 INFO Получен номинал инвест. монеты Георгий Победоносец (200 рублей) в ГО 
2023-05-30T21:26:37.933914+0300 INFO Получена ЦЕНА монеты Георгий Победоносец (200 рублей) в ГО 
2023-05-30T21:26:37.946905+0300 INFO Добавление параметров инвест. монет в список
2023-05-30T21:26:37.963895+0300 INFO ПОЛУЧЕН СПИСОК ПАМЯТНЫХ МОНЕТ
2023-05-30T21:26:37.967893+0300 INFO Получено название памятной монеты Писатель М.М. Пришвин, к 150-летию со дня рождения 
2023-05-30T21:26:37.979885+0300 INFO Получена МАССА памятной монеты Писатель М.М. Пришвин, к 150-летию со дня рождения 
2023-05-30T21:26:37.982884+0300 INFO Металл памятной монеты не указан Писатель М.М. Пришвин, к 150-летию со дня рождения 
2023-05-30T21:26:37.994883+0300 INFO Получен НОМИНАЛ памятной монеты Писатель М.М. Пришвин, к 150-летию со дня рождения 
2023-05-30T21:26:37.998873+0300 INFO Получена цена памятной монеты Писатель М.М. Пришвин, к 150-летию со дня рождения 
2023-05-30T21:26:38.002872+0300 INFO Добавление параметров инвест. монет в список
2023-05-30T21:26:38.016862+0300 INFO Получено название памятной монеты Драматург А.Н. Островский, к 200-летию со дня рождения 
2023-05-30T21:26:38.031859+0300 INFO Получена МАССА памятной монеты Драматург А.Н. Островский, к 200-летию со дня рождения 
2023-05-30T21:26:38.051842+0300 INFO Металл памятной монеты не указан Драматург А.Н. Островский, к 200-летию со дня рождения 
2023-05-30T21:26:38.065832+0300 INFO Получен НОМИНАЛ памятной монеты Драматург А.Н. Островский, к 200-летию со дня рождения 
2023-05-30T21:26:38.076825+0300 INFO Получена цена памятной монеты Драматург А.Н. Островский, к 200-летию со дня рождения 
2023-05-30T21:26:38.081822+0300 INFO Добавление параметров инвест. монет в список
2023-05-30T21:26:38.086819+0300 INFO Получено название памятной монеты Композитор С.В. Рахманинов, к 150-летию со дня рождения 
2023-05-30T21:26:38.099812+0300 INFO Получена МАССА памятной монеты Композитор С.В. Рахманинов, к 150-летию со дня рождения 
2023-05-30T21:26:38.109806+0300 INFO Металл памятной монеты не указан Композитор С.В. Рахманинов, к 150-летию со дня рождения 
2023-05-30T21:26:38.198752+0300 INFO Получен НОМИНАЛ памятной монеты Композитор С.В. Рахманинов, к 150-летию со дня рождения 
2023-05-30T21:26:38.235727+0300 INFO Получена цена памятной монеты Композитор С.В. Рахманинов, к 150-летию со дня рождения 
2023-05-30T21:26:38.253715+0300 INFO Добавление параметров инвест. монет в список
2023-05-30T21:26:38.266707+0300 INFO Получено название памятной монеты Певец Ф.И. Шаляпин, к 150-летию со дня рождения 
2023-05-30T21:26:38.269705+0300 INFO Получена МАССА памятной монеты Певец Ф.И. Шаляпин, к 150-летию со дня рождения 
2023-05-30T21:26:38.280699+0300 INFO Металл памятной монеты не указан Певец Ф.И. Шаляпин, к 150-летию со дня рождения 
2023-05-30T21:26:38.282696+0300 INFO Получен НОМИНАЛ памятной монеты Певец Ф.И. Шаляпин, к 150-летию со дня рождения 
2023-05-30T21:26:38.285695+0300 INFO Получена цена памятной монеты Певец Ф.И. Шаляпин, к 150-летию со дня рождения 
2023-05-30T21:26:38.295691+0300 INFO Добавление параметров инвест. монет в список
2023-05-30T21:26:38.299687+0300 INFO Получено название памятной монеты Институт законодательства и сравнительного правоведения при Правительстве Российской Федерации 
2023-05-30T21:26:38.321673+0300 INFO Получена МАССА памятной монеты Институт законодательства и сравнительного правоведения при Правительстве Российской Федерации 
2023-05-30T21:26:38.344659+0300 INFO Металл памятной монеты не указан Институт законодательства и сравнительного правоведения при Правительстве Российской Федерации 
2023-05-30T21:26:38.383635+0300 INFO Получен НОМИНАЛ памятной монеты Институт законодательства и сравнительного правоведения при Правительстве Российской Федерации 
2023-05-30T21:26:38.401624+0300 INFO Получена цена памятной монеты Институт законодательства и сравнительного правоведения при Правительстве Российской Федерации 
2023-05-30T21:26:38.448596+0300 INFO Добавление параметров инвест. монет в список
2023-05-30T21:26:38.461587+0300 INFO Получено название памятной монеты «Музей-заповедник „Александровская слобода“, Владимирская область» 
2023-05-30T21:26:38.468584+0300 INFO Получена МАССА памятной монеты «Музей-заповедник „Александровская слобода“, Владимирская область» 
2023-05-30T21:26:38.481576+0300 INFO Металл памятной монеты не указан «Музей-заповедник „Александровская слобода“, Владимирская область» 
2023-05-30T21:26:38.493568+0300 INFO Получен НОМИНАЛ памятной монеты «Музей-заповедник „Александровская слобода“, Владимирская область» 
2023-05-30T21:26:38.500563+0300 INFO Получена цена памятной монеты «Музей-заповедник „Александровская слобода“, Владимирская область» 
2023-05-30T21:26:38.513556+0300 INFO Добавление параметров инвест. монет в список
2023-05-30T21:26:38.992769+0300 INFO Создан итоговый датафрейм
2023-05-30T21:26:39.142468+0300 INFO Создана таблица J&T банк.xlsx 
